<?xml version="1.0" encoding="UTF-8"?>
<testng-results skipped="0" failed="0" total="5" passed="5">
  <reporter-output>
  </reporter-output>
  <suite name="Suite" duration-ms="91820" started-at="2020-10-12T16:09:40Z" finished-at="2020-10-12T16:11:11Z">
    <groups>
    </groups>
    <test name="App Testing" duration-ms="6" started-at="2020-10-12T16:09:40Z" finished-at="2020-10-12T16:09:40Z">
    </test> <!-- App Testing -->
    <test name="Validating navigation Bar" duration-ms="65343" started-at="2020-10-12T16:09:40Z" finished-at="2020-10-12T16:10:45Z">
      <class name="Academy.validateNavigationBar">
        <test-method status="PASS" signature="initialize()[pri:0, instance:Academy.validateNavigationBar@4e3958e7]" name="initialize" is-config="true" duration-ms="64916" started-at="2020-10-12T21:39:40Z" finished-at="2020-10-12T21:40:44Z">
          <reporter-output>
          </reporter-output>
        </test-method> <!-- initialize -->
        <test-method status="PASS" signature="validateAppNavBar()[pri:0, instance:Academy.validateNavigationBar@4e3958e7]" name="validateAppNavBar" duration-ms="93" started-at="2020-10-12T21:40:44Z" finished-at="2020-10-12T21:40:45Z">
          <reporter-output>
          </reporter-output>
        </test-method> <!-- validateAppNavBar -->
        <test-method status="PASS" signature="teardown()[pri:0, instance:Academy.validateNavigationBar@4e3958e7]" name="teardown" is-config="true" duration-ms="329" started-at="2020-10-12T21:40:45Z" finished-at="2020-10-12T21:40:45Z">
          <reporter-output>
          </reporter-output>
        </test-method> <!-- teardown -->
      </class> <!-- Academy.validateNavigationBar -->
    </test> <!-- Validating navigation Bar -->
    <test name="Validating title in the Page" duration-ms="87310" started-at="2020-10-12T16:09:40Z" finished-at="2020-10-12T16:11:07Z">
      <class name="Academy.validateTitle">
        <test-method status="PASS" signature="initialize()[pri:0, instance:Academy.validateTitle@58a9760d]" name="initialize" is-config="true" duration-ms="86911" started-at="2020-10-12T21:39:40Z" finished-at="2020-10-12T21:41:06Z">
          <reporter-output>
          </reporter-output>
        </test-method> <!-- initialize -->
        <test-method status="PASS" signature="validateAppTitle()[pri:0, instance:Academy.validateTitle@58a9760d]" name="validateAppTitle" duration-ms="49" started-at="2020-10-12T21:41:06Z" finished-at="2020-10-12T21:41:07Z">
          <reporter-output>
          </reporter-output>
        </test-method> <!-- validateAppTitle -->
        <test-method status="PASS" signature="validateHeader()[pri:0, instance:Academy.validateTitle@58a9760d]" name="validateHeader" duration-ms="43" started-at="2020-10-12T21:41:07Z" finished-at="2020-10-12T21:41:07Z">
          <reporter-output>
          </reporter-output>
        </test-method> <!-- validateHeader -->
        <test-method status="PASS" signature="teardown()[pri:0, instance:Academy.validateTitle@58a9760d]" name="teardown" is-config="true" duration-ms="304" started-at="2020-10-12T21:41:07Z" finished-at="2020-10-12T21:41:07Z">
          <reporter-output>
          </reporter-output>
        </test-method> <!-- teardown -->
      </class> <!-- Academy.validateTitle -->
    </test> <!-- Validating title in the Page -->
    <test name="Validating User login" duration-ms="91820" started-at="2020-10-12T16:09:40Z" finished-at="2020-10-12T16:11:11Z">
      <class name="Academy.HomePage">
        <test-method status="PASS" signature="initialize()[pri:0, instance:Academy.HomePage@6c40365c]" name="initialize" is-config="true" duration-ms="4814" started-at="2020-10-12T21:39:40Z" finished-at="2020-10-12T21:39:44Z">
          <reporter-output>
          </reporter-output>
        </test-method> <!-- initialize -->
        <test-method status="PASS" signature="basePageNavigation(java.lang.String, java.lang.String, java.lang.String)[pri:0, instance:Academy.HomePage@6c40365c]" name="basePageNavigation" duration-ms="49078" started-at="2020-10-12T21:39:44Z" data-provider="getData" finished-at="2020-10-12T21:40:33Z">
          <params>
            <param index="0">
              <value>
                <![CDATA[nonrestricteduser@qw.com]]>
              </value>
            </param>
            <param index="1">
              <value>
                <![CDATA[123456]]>
              </value>
            </param>
            <param index="2">
              <value>
                <![CDATA[Restrcited User]]>
              </value>
            </param>
          </params>
          <reporter-output>
          </reporter-output>
        </test-method> <!-- basePageNavigation -->
        <test-method status="PASS" signature="basePageNavigation(java.lang.String, java.lang.String, java.lang.String)[pri:0, instance:Academy.HomePage@6c40365c]" name="basePageNavigation" duration-ms="37625" started-at="2020-10-12T21:40:33Z" data-provider="getData" finished-at="2020-10-12T21:41:11Z">
          <params>
            <param index="0">
              <value>
                <![CDATA[restricteduser@qw.com]]>
              </value>
            </param>
            <param index="1">
              <value>
                <![CDATA[456788]]>
              </value>
            </param>
            <param index="2">
              <value>
                <![CDATA[Non restricted user]]>
              </value>
            </param>
          </params>
          <reporter-output>
          </reporter-output>
        </test-method> <!-- basePageNavigation -->
        <test-method status="PASS" signature="teardown()[pri:0, instance:Academy.HomePage@6c40365c]" name="teardown" is-config="true" duration-ms="283" started-at="2020-10-12T21:41:11Z" finished-at="2020-10-12T21:41:11Z">
          <reporter-output>
          </reporter-output>
        </test-method> <!-- teardown -->
      </class> <!-- Academy.HomePage -->
    </test> <!-- Validating User login -->
  </suite> <!-- Suite -->
</testng-results>
